Build started 22.04.2016 1:54:44.
     1>Project "C:\Users\user\Desktop\ХХХОхуенный проектХХХ\Tic-Tac-Toe-master\SDLForHabr\SDLForHabr\SDLForHabr.vcxproj" on node 2 (Build target(s)).
     1>ClCompile:
         C:\Program Files (x86)\Microsoft Visual Studio 12.0\VC\bin\CL.exe /c /I"C:\Users\user\Desktop\ХХХОхуенный проектХХХ\SDL-1.2.15\include" /ZI /nologo /W3 /WX- /sdl /Od /Oy- /D WIN32 /D _DEBUG /D _WINDOWS /D _MBCS /Gm /EHsc /RTC1 /MDd /GS /fp:precise /Zc:wchar_t /Zc:forScope /Fo"Debug\\" /Fd"Debug\vc120.pdb" /Gd /TP /analyze- /errorReport:prompt Game.cpp Graphics.cpp Image.cpp Input.cpp main.cpp Screen.cpp
         Screen.cpp
         main.cpp
         Input.cpp
         Image.cpp
         Graphics.cpp
         Game.cpp
         Generating Code...
       Link:
         C:\Program Files (x86)\Microsoft Visual Studio 12.0\VC\bin\link.exe /ERRORREPORT:PROMPT /OUT:"C:\Users\user\Desktop\ХХХОхуенный проектХХХ\Tic-Tac-Toe-master\SDLForHabr\Debug\SDLForHabr.exe" /INCREMENTAL /NOLOGO /LIBPATH:"C:\Users\user\Desktop\ХХХОхуенный проектХХХ\SDL-1.2.15\lib\x86" SDL.lib SDLmain.lib kernel32.lib user32.lib gdi32.lib winspool.lib comdlg32.lib advapi32.lib shell32.lib ole32.lib oleaut32.lib uuid.lib odbc32.lib odbccp32.lib /MANIFEST /MANIFESTUAC:"level='asInvoker' uiAccess='false'" /manifest:embed /DEBUG /PDB:"C:\Users\user\Desktop\ХХХОхуенный проектХХХ\Tic-Tac-Toe-master\SDLForHabr\Debug\SDLForHabr.pdb" /SUBSYSTEM:WINDOWS /TLBID:1 /DYNAMICBASE /NXCOMPAT /IMPLIB:"C:\Users\user\Desktop\ХХХОхуенный проектХХХ\Tic-Tac-Toe-master\SDLForHabr\Debug\SDLForHabr.lib" /MACHINE:X86 Debug\Game.obj
         Debug\Graphics.obj
         Debug\Image.obj
         Debug\Input.obj
         Debug\main.obj
         Debug\Screen.obj
         SDLForHabr.vcxproj -> C:\Users\user\Desktop\ХХХОхуенный проектХХХ\Tic-Tac-Toe-master\SDLForHabr\Debug\SDLForHabr.exe
     1>Done Building Project "C:\Users\user\Desktop\ХХХОхуенный проектХХХ\Tic-Tac-Toe-master\SDLForHabr\SDLForHabr\SDLForHabr.vcxproj" (Build target(s)).

Build succeeded.

Time Elapsed 00:00:03.60
